         w __deregister_frame_info
         w _ITM_deregisterTMCloneTable
         w _ITM_registerTMCloneTable
         w _Jv_RegisterClasses
         w __register_frame_info
00000000 b .LANCHOR1
00000000 a shift
00000000 a shift
00000000 b _TLS_MODULE_BASE_
00000000 00002000 b tmp_buffer.6665
00001ff8 b .LANCHOR2
00002000 00000401 b __fixedpath
00002404 00000802 b __utf16path
00002c08 00000802 b __utf16path_old.6736
00100000 T _start
00100000 T __start__
00100008 T __service_ptr
0010000c T __apt_appid
00100010 T __heap_size
00100014 T __linear_heap_size
00100018 T __system_arglist
0010001c T __system_runflags
00100020 t startup
00100058 t ClearMem
0010006c t ClrLoop
00100094 T _init
001000ac t deregister_tm_clones
001000dc t register_tm_clones
00100114 t __do_global_dtors_aux
00100158 t frame_dummy
001001b4 T initSystem
001001f8 T __ctru_exit
00100218 T __aeabi_idiv
00100218 00000220 T __divsi3
00100220 t .divsi3_skip_div0_test
00100438 00000020 T __aeabi_idivmod
00100458 00000004 W __aeabi_idiv0
00100458 00000004 W __aeabi_ldiv0
0010045c T __aeabi_uldivmod
00100498 00000128 T __udivmoddi4
001005c8 00000390 T strcmp
00100960 00000008 t null_write
00100968 00000018 T setDefaultDevice
00100980 000000bc T FindDevice
00100a3c 0000002c T RemoveDevice
00100a68 00000098 T AddDevice
00100b00 00000024 T GetDeviceOpTab
00100b24 0000007c T _close_r
00100ba0 0000006c T _fstat_r
00100c0c 00000008 T _isatty_r
00100c14 00000078 T _lseek_r
00100c8c 000000c8 T _open_r
00100d54 00000078 T _read_r
00100dcc 00000070 T _sbrk_r
00100e3c 0000005c T _unlink_r
00100e98 00000078 T _write_r
00100f10 000001bc T _concatenate_path
001010cc 00000154 T chdir
00101220 000000a0 T getcwd
001012c0 00000008 T __flockfile
001012c8 00000008 T __funlockfile
001012d0 00000018 T __libc_lock_init
001012e8 00000018 T __libc_lock_acquire
00101300 00000024 T __libc_lock_try_acquire
00101324 00000018 T __libc_lock_release
0010133c 00000018 T __libc_lock_close
00101354 00000018 T __libc_lock_init_recursive
0010136c 00000018 T __libc_lock_acquire_recursive
00101384 00000024 T __libc_lock_try_acquire_recursive
001013a8 00000018 T __libc_lock_release_recursive
001013c0 00000018 T __libc_lock_close_recursive
001013d8 00000044 T __free_handle
0010141c 0000003c T __release_handle
00101458 00000078 T __alloc_handle
001014d0 0000001c T __get_handle
001014ec 000000a4 T dup
00101590 0000010c T dup2
0010169c 00000028 T __getreent
001016c4 T __aeabi_uidiv
001016c4 000001ec T __udivsi3
001016c4 t .udivsi3_skip_div0_test
001018b0 00000020 T __aeabi_uidivmod
001018d0 000000dc T injectWC6
001019ac 00000048 T injectLanguage
001019f4 00000164 T injectItem
00101b58 000000a4 T injectBP
00101bfc 00000078 T injectTM
00101c74 00000290 T refreshValues
00101f08 00000cb8 T saveFileEditor
00102bc0 000001cc T hexa2bin
00102d8c 00000070 T hexa2dec
00102dfc 00000660 T PIDchecker
0010345c 00000030 T posCursore
0010348c 000000c8 T checkValDec
00103554 00000094 T printCursore
001035e8 000000bc T show
001036a4 000009fc T PID
001040a0 00000af8 T filldatabase
00104b98 0000005c T check
00104bf4 00000084 T printCursoreC
00104c78 000004cc T showC
00105148 0000090c T catchrate
00105a54 0000064c T eventDatabase
001060a0 0000021c T psDates
001062bc 000000c8 T intro
00106384 00001200 T main
00107584 00000074 T refresh
001075f8 00000080 T refreshDB
00107678 0000010c T update
00107784 00000068 T CHKOffset
001077ec 00000064 T CHKLength
00107850 00000134 T rewriteCHK
00107984 00000214 T faq
00107b98 00000054 T fsStart
00107bec 00000038 T fsEnd
00107c24 000000fc T openSaveArch
00107d20 00000234 T http_download
00107f54 000000d8 T getText
0010802c 00000118 T printDistro
00108144 00000098 T printPSdates
001081dc 00000350 T downloadFile
0010852c 00000b38 T printDB
00109064 0000001c T debug_write
00109080 00000018 T consoleSelect
00109098 000001ac T consoleDrawChar
00109244 00000128 T consolePrintChar
0010936c 00000184 t consoleCls
001094f0 000000f8 T consoleInit
001095e8 00000138 t consoleClearLine
00109720 000000c0 t newRow
001097e0 0000086c T con_write
0010a04c 00000050 T srvExit
0010a09c 00000038 T srvRegisterClient
0010a0d4 00000070 T srvInit
0010a144 00000068 T srvGetServiceHandleDirect
0010a1ac 00000038 T srvGetServiceHandle
0010a1e4 0000008c t gfxSetFramebufferInfo.part.0
0010a270 00000018 T gfxSetScreenFormat
0010a288 00000014 T gfxSetDoubleBuffering
0010a29c 00000018 T __get_bytes_per_pixel
0010a2b4 00000070 T gfxSetFramebufferInfo
0010a324 00000088 T gfxWriteFramebufferInfo
0010a3ac 000001d0 T gfxInit
0010a57c 00000010 T gfxInitDefault
0010a58c 000000e0 T gfxExit
0010a66c 000000b0 T gfxGetFramebuffer
0010a71c 000000cc T gfxFlushBuffers
0010a7e8 00000070 T gfxConfigScreen
0010a858 00000020 T gfxSwapBuffers
0010a878 00000020 T gfxSwapBuffersGpu
0010a898 00000154 t gspEventThreadMain
0010a9ec 00000074 T gspInit
0010aa60 0000003c T gspExit
0010aa9c 00000084 T gspInitEventHandler
0010ab20 00000030 T gspExitEventHandler
0010ab50 00000044 T gspWaitForEvent
0010ab94 0000006c T GSPGPU_SetBufferSwap
0010ac00 0000004c T GSPGPU_FlushDataCache
0010ac4c 00000034 T GSPGPU_SetLcdForceBlack
0010ac80 00000064 T GSPGPU_RegisterInterruptRelayQueue
0010ace4 0000002c T GSPGPU_UnregisterInterruptRelayQueue
0010ad10 00000048 T GSPGPU_AcquireRight
0010ad58 0000002c T GSPGPU_ReleaseRight
0010ad84 00000080 T GSPGPU_ImportDisplayCaptureInfo
0010ae04 0000002c T GSPGPU_SaveVramSysArea
0010ae30 0000002c T GSPGPU_RestoreVramSysArea
0010ae5c 00000004 W _aptDebug
0010ae60 0000012c T aptSendCommand
0010af8c 0000003c t aptExitProcess
0010afc8 0000003c T APT_GetProgramID
0010b004 0000004c T APT_InquireNotification
0010b050 00000198 t aptEventHandler
0010b1e8 00000074 T APT_AppletUtility
0010b25c 000000b0 T aptSetSleepAllowed
0010b30c 000000b4 T APT_GlanceParameter
0010b3c0 000000c0 T APT_ReceiveParameter
0010b480 000000a8 t aptReceiveParameter.constprop.1
0010b528 000001e0 t aptScreenTransfer
0010b708 00000224 t aptWaitForWakeUp
0010b92c 00000070 T APT_CancelParameter
0010b99c 0000021c T aptInit
0010bbb8 00000088 t aptClearParamQueue
0010bc40 00000208 T aptMainLoop
0010be48 00000148 T aptExit
0010bf90 00000070 T APT_CheckNew3DS
0010c000 000000d8 T hidExit
0010c0d8 00000238 T hidScanInput
0010c310 00000010 T hidKeysHeld
0010c320 00000010 T hidKeysDown
0010c330 00000090 T HIDUSER_GetHandles
0010c3c0 00000184 T hidInit
0010c544 00000028 t fsSessionForArchive.part.0
0010c56c 000000cc T fsInit
0010c638 00000038 T fsExit
0010c670 00000018 T fsUseSession
0010c688 00000010 T fsEndUseSession
0010c698 00000074 T fsExemptFromSession
0010c70c 00000054 T fsUnexemptFromSession
0010c760 00000088 T fsMakePath
0010c7e8 0000002c T FSUSER_Initialize
0010c814 000000bc T FSUSER_OpenFile
0010c8d0 000000a4 T FSUSER_DeleteFile
0010c974 000000e0 T FSUSER_RenameFile
0010ca54 000000a4 T FSUSER_DeleteDirectory
0010caf8 000000bc T FSUSER_CreateFile
0010cbb4 000000ac T FSUSER_CreateDirectory
0010cc60 000000e0 T FSUSER_RenameDirectory
0010cd40 000000a4 T FSUSER_OpenDirectory
0010cde4 0000009c T FSUSER_OpenArchive
0010ce80 0000009c T FSUSER_ControlArchive
0010cf1c 00000074 T FSUSER_CloseArchive
0010cf90 00000078 T FSUSER_GetSdmcArchiveResource
0010d008 00000064 T FSUSER_IsSdmcWritable
0010d06c 0000005c T FSFILE_Read
0010d0c8 00000064 T FSFILE_Write
0010d12c 0000003c T FSFILE_GetSize
0010d168 0000002c T FSFILE_SetSize
0010d194 0000003c T FSFILE_Close
0010d1d0 00000024 T FSFILE_Flush
0010d1f4 00000054 T FSDIR_Read
0010d248 0000003c T FSDIR_Close
0010d284 00000188 T httpcInit
0010d40c 00000084 T httpcExit
0010d490 00000148 T httpcOpenContext
0010d5d8 00000044 T httpcCloseContext
0010d61c 00000080 T httpcAddRequestHeaderField
0010d69c 00000030 T httpcBeginRequest
0010d6cc 00000044 T httpcReceiveData
0010d710 00000104 T httpcDownloadData
0010d814 00000054 T httpcGetDownloadSizeState
0010d868 00000078 T httpcGetResponseHeader
0010d8e0 0000003c T httpcGetResponseStatusCode
0010d91c 00000044 T httpcAddTrustedRootCA
0010d960 00000034 T httpcSetSSLOpt
0010d994 00000038 W __libctru_init
0010d9cc 00000030 t __ctru_get_reent
0010d9fc 000000e8 T __system_initSyscalls
0010dae4 00000058 t osGetMemRegionSize
0010db3c 00000124 W __system_allocateHeaps
0010dc60 000000f4 T __system_initArgv
0010dd54 T svcControlMemory
0010dd74 T svcExitProcess
0010dd7c T svcCreateThread
0010dd9c T svcExitThread
0010dda4 T svcSleepThread
0010ddac T svcReleaseMutex
0010ddb4 T svcCreateEvent
0010ddc8 T svcSignalEvent
0010ddd0 T svcClearEvent
0010ddd8 T svcCreateMemoryBlock
0010ddf0 T svcMapMemoryBlock
0010ddf8 T svcUnmapMemoryBlock
0010de00 T svcCreateAddressArbiter
0010de14 T svcArbitrateAddress
0010de2c T svcCloseHandle
0010de34 T svcWaitSynchronization
0010de3c T svcWaitSynchronizationN
0010de64 T svcDuplicateHandle
0010de78 T svcGetSystemTick
0010de80 T svcGetSystemInfo
0010de98 T svcConnectToPort
0010deac T svcSendSyncRequest
0010deb4 T svcBreak
0010debc T svcOutputDebugString
0010dec4 00000024 t addrMapNodeComparator(rbtree_node const*, rbtree_node const*)
0010dee8 00000004 t addrMapNodeDestructor(rbtree_node*)
0010deec 00000130 T vramMemAlign
0010e01c 00000008 T vramAlloc
0010e024 00000050 T vramFree
0010e074 00000024 t addrMapNodeComparator(rbtree_node const*, rbtree_node const*)
0010e098 00000004 t addrMapNodeDestructor(rbtree_node*)
0010e09c 000000f4 T mappableAlloc
0010e190 00000050 T mappableFree
0010e1e0 00000024 t addrMapNodeComparator(rbtree_node const*, rbtree_node const*)
0010e204 00000004 t addrMapNodeDestructor(rbtree_node*)
0010e208 00000140 T linearMemAlign
0010e348 00000008 T linearAlloc
0010e350 00000050 T linearFree
0010e3a0 000000a0 T MemPool::CoalesceRight(MemBlock*)
0010e440 0000018c T MemPool::Allocate(MemChunk&, unsigned long, int)
0010e5cc 00000104 T MemPool::Deallocate(MemChunk const&)
0010e6d0 00000034 t LightLock_Unlock.part.1
0010e704 0000000c T __sync_init
0010e710 00000018 T __sync_fini
0010e728 00000010 T __sync_get_arbiter
0010e738 00000018 T LightLock_Init
0010e750 00000094 T LightLock_Lock
0010e7e4 00000034 T LightLock_TryLock
0010e818 00000020 T LightLock_Unlock
0010e838 00000024 T RecursiveLock_Init
0010e85c 00000030 T RecursiveLock_Lock
0010e88c 00000058 T RecursiveLock_TryLock
0010e8e4 00000038 T RecursiveLock_Unlock
0010e91c 00000038 T LightEvent_Init
0010e954 0000007c T LightEvent_Clear
0010e9d0 000000dc T LightEvent_Signal
0010eaac 000000c8 T LightEvent_Wait
0010eb74 00000094 T envGetHandle
0010ec08 0000004c T envDestroyHandles
0010ec54 00000058 t getSysTime
0010ecac 00000024 T osGetMemRegionUsed
0010ecd0 000000f4 T __libctru_gtod
0010edc8 00000034 T __ctru_speedup_config
0010edfc 000001c8 T threadCreate
0010efc4 00000024 T threadJoin
0010efe8 0000006c T threadExit
0010f054 0000003c t _thread_begin
0010f090 000000b0 T irrstScanInput
0010f140 0000001c T irrstKeysHeld
0010f15c 00000050 T IRRST_GetHandles
0010f1ac 00000148 T irrstInit
0010f2f4 0000002c T IRRST_Shutdown
0010f320 000000b0 T irrstExit
0010f3d0 00000070 T ptmSysmInit
0010f440 00000034 T ptmSysmExit
0010f474 00000034 T PTMSYSM_ConfigureNew3DSCPU
0010f4a8 00000014 T rbtree_init
0010f4bc 000001d4 t do_insert
0010f690 00000008 T rbtree_insert
0010f698 000000ac T rbtree_rotate
0010f744 0000035c T rbtree_remove
0010faa0 00000070 T rbtree_find
0010fb10 0000001c W __appInit
0010fb2c 0000001c W __appExit
0010fb48 000000a4 W __libctru_exit
0010fbec 00000010 t sdmc_link
0010fbfc 00000010 t sdmc_dirreset
0010fc0c 00000010 t sdmc_chmod
0010fc1c 00000010 t sdmc_fchmod
0010fc2c 00000024 t error_cmp
0010fc50 00000050 t sdmc_translate_error
0010fca0 00000034 t sdmc_fsync
0010fcd4 00000054 t sdmc_ftruncate
0010fd28 000000ac t sdmc_statvfs
0010fdd4 00000038 t sdmc_dirclose
0010fe0c 0000013c t sdmc_dirnext
0010ff48 00000034 t sdmc_close
0010ff7c 00000074 t sdmc_fstat
0010fff0 000000c0 t sdmc_seek
001100b0 0000008c t sdmc_read
0011013c 00000110 t sdmc_write_safe
0011024c 000001b4 t sdmc_utf16path
00110400 00000074 t sdmc_rmdir
00110474 000000a8 t sdmc_diropen
0011051c 000000a0 t sdmc_chdir
001105bc 00000098 t sdmc_mkdir
00110654 00000108 t sdmc_rename
0011075c 00000074 t sdmc_unlink
001107d0 00000108 t sdmc_stat
001108d8 00000188 t sdmc_open
00110a60 0000015c T sdmcInit
00110bbc 00000054 T sdmcExit
00110c10 0000008c T rbtree_node_next
00110c9c 000000e4 T utf16_to_utf8
00110d80 00000060 T decode_utf16
00110de0 00000138 T decode_utf8
00110f18 000000bc T utf8_to_utf16
00110fd4 T __aeabi_read_tp
00110fe0 00000068 T encode_utf16
00111048 00000104 T encode_utf8
00111150 000003b8 T pow
00111508 00000110 T sqrt
00111618 000008c4 T __ieee754_pow
00111ee0 00000214 T __ieee754_sqrt
001120f4 00000010 T fabs
00112104 00000014 T finite
00112118 00000074 T __fpclassifyd
0011218c 00000008 T matherr
00112198 00000010 T nan
001121a8 0000016c T rint
00112318 00000184 T scalbn
001124a0 0000001c T copysign
001124bc 00000078 T bsearch
00112534 00000020 T calloc
00112554 00000090 T _calloc_r
001125e4 0000000c T __errno
001125f0 00000120 T _fclose_r
00112710 00000018 T fclose
00112728 00000230 T __sflush_r
00112958 00000090 T _fflush_r
001129e8 00000038 T fflush
00112a20 0000000c T _cleanup_r
00112a2c 00000080 t std.isra.0
00112aac 00000048 T __sfmoreglue
00112af4 0000008c T __sinit
00112b80 0000011c T __sfp
00112c9c 0000000c T __sfp_lock_acquire
00112ca8 0000000c T __sfp_lock_release
00112cb4 0000003c T __libc_fini_array
00112cf0 0000013c T _fopen_r
00112e2c 00000020 T fopen
00112e4c 000000f8 T _malloc_trim_r
00112f44 000002e4 T _free_r
00113228 00000004 T _fseek_r
0011322c 000004f8 T _fseeko_r
00113724 00000078 T _fwalk
0011379c 00000080 T _fwalk_reent
0011381c 00000118 T _fwrite_r
00113934 00000038 T fwrite
0011396c 00000078 T __libc_init_array
001139e4 00000160 T __smakebuf_r
00113b44 00000020 T memalign
00113b64 0000015c T _memalign_r
00113cc0 00000018 T malloc
00113cd8 00000018 T free
00113cf0 000007a8 T _malloc_r
00114498 000000f0 T memcpy
00114588 000000f4 T memset
0011467c 0000000c T __malloc_lock
00114688 0000000c T __malloc_unlock
00114694 00000038 T printf
001146cc 000000ec T _puts_r
001147b8 00000018 T puts
001147d0 0000001c t lflush
001147ec 000001d8 T __srefill_r
001149c4 00000028 T remove
001149ec 000001fc T setvbuf
00114be8 000000e0 T snprintf
00114cc8 00000074 T sscanf
00114d3c 00000030 T __sread
00114d6c 00000008 T __seofread
00114d74 00000054 T __swrite
00114dc8 0000002c T __sseek
00114df4 00000008 T __sclose
00114dfc 0000015c T strchr
00114f58 0000005c T strlen
00114fb4 000000a4 T strncat
00115058 000000e0 T strncpy
00115138 0000161c t get_arg
00116758 000049fc T _svfprintf_r
0011b158 00002c20 T __ssvfscanf_r
0011dd78 000000a4 t __sprint_r.part.0
0011de1c 0000001c T __sprint_r
0011de38 0000161c t get_arg
0011f458 00004878 T _vfprintf_r
00123cd0 000000cc t __sbprintf
00123d9c 0000008c T _wcrtomb_r
00123e28 00000020 T _wcsrtombs_r
00123e48 00000114 T __utf8_wctomb
00123f5c 00000148 T __swsetup_r
001240a4 000001bc t quorem
00124260 000012c8 T _dtoa_r
00125528 000000b0 T __sflags
001255d8 00000124 T __fputwc
001256fc 000000a8 T _fputwc_r
001257a4 000004a4 T __sfvwrite_r
00125c48 00000074 T iswspace
00125cbc 00000204 t __jp2uc
00125ec0 00000084 T _jp2uc
00125f44 0000000c T __locale_charset
00125f50 00000010 T __locale_mb_cur_max
00125f60 0000000c T _localeconv_r
00125f6c 00000098 T _mbrtowc_r
00126004 000002fc T __utf8_mbtowc
00126300 00000100 T memchr
00126400 00000128 T memmove
00126528 0000008c T _Balloc
001265b4 0000001c T _Bfree
001265d0 000000d0 T __multadd
001266a0 000000e4 T __s2b
00126784 0000005c T __hi0bits
001267e0 00000098 T __lo0bits
00126878 00000020 T __i2b
00126898 000001dc T __multiply
00126a74 00000100 T __pow5mult
00126b74 000000f0 T __lshift
00126c64 00000064 T __mcmp
00126cc8 00000198 T __mdiff
00126e60 00000078 T __ulp
00126ed8 000000d4 T __b2d
00126fac 00000104 T __d2b
001270b0 00000078 T __ratio
00127128 0000006c T __copybits
00127194 00000080 T __any_on
00127214 000004c0 T _realloc_r
001276d4 000000d0 T __sccl
001277a4 0000000c T nanf
001277b0 00000094 T frexp
00127848 00000068 T sprintf
001278b0 00000108 T stpncpy
001279b8 0000011c T strncmp
00127ad4 00000058 t sulp
00127b30 0000144c T _strtod_r
00128f80 0000025c T _strtoll_r
001291dc 000001d4 T _strtol_r
001293b0 00000264 T _strtoull_r
00129618 000001d4 T _strtoul_r
001297ec 000001a8 T __ssprint_r
00129994 000000f8 T _sungetc_r
00129a8c 0000006c T __ssrefill_r
00129af8 000000c8 T _sfread_r
00129bc0 000000a8 T __submore
00129c68 00000124 T __swbuf_r
00129d8c 00000190 T _wcsnrtombs_r
00129f1c 000000ec t rshift
0012a008 000007d0 T __gethex
0012a7d8 00000258 T __hexnan
0012aa30 0000005c T strnlen
0012aa8c 00000044 T strrchr
0012aad0 T _fini
0012b624 00000b44 r pokemon.11819
0012d0f0 00000068 r dotab_3dmoo
0012d158 00000068 r dotab_stdout
0012d1c0 00000068 r dotab_null
0012d228 00000030 r colorTable
0012d258 00000014 r CSWTCH.26
0012d26c 00000008 r framebufferInfoSt
0012d274 0000000c r serviceNameTable.6245
0012d280 R default_font_bin
0012da80 R default_font_bin_end
0012da80 R default_font_bin_size
0012da84 00000030 r error_table
0012dac0 00000068 R dotab_stdnull
0012db28 00000003 R DIRECTORY_PARENT
0012db2c 00000002 R DIRECTORY_THIS
0012db30 00000002 R DIRECTORY_SEPARATOR
00134220 00000010 r TWO52
00134230 00000004 R _global_impure_ptr
00134234 00000010 r blanks.7122
00134284 r .LC2
00134288 00000010 r zeroes.7123
00134298 00000022 r basefix.7044
001342c4 00000010 r zeroes.7138
001342d4 00000010 r blanks.7137
001342e4 00000101 R _ctype_
001343f8 000000bc r a1
001344b4 000000bc r a2
00134570 0000005b r a3
001345cc 00000070 r a6
0013463c 000000a2 r a7
001346e0 00000040 r a8
00134734 0000172a r b02cf
00135e60 00001a7c r d02f4
001379f0 000000c8 R __mprec_tens
00137ab8 0000000c r p05.5412
00137ac8 00000028 R __mprec_bigtens
00137af0 00000014 r fpinan.5417
00137b10 00000014 r fpi.5381
00137b28 00000028 r tinytens
00137b50 0000006c R __state_table
00137bbc 00000100 R __chclass
00137cbc 0000006c R __action_table
00137d28 00000100 R __hexdig
00137e30 r __EH_FRAME_BEGIN__
00137e30 R __exidx_end
00137e30 R __exidx_start
00138000 00000004 D cybertrust_cer_len
00138004 0000037b D cybertrust_cer
00138380 00000004 D digicert_cer_len
00138384 000003c9 D digicert_cer
00138750 0000004c D defaultConsole
0013879c 00000004 D currentConsole
001387a0 00000001 d firstConsoleInit.6562
001387a4 00000001 d topFormat
001387a5 00000001 d botFormat
001387a8 00000008 d doubleBuf
001387b0 00000004 d gspLastEvent
001387b4 00000004 d aptFlags
001387b8 W __stacksize__
001387bc 00000401 d __cwd
00138bc0 00000068 d sdmc_devoptab
00138c28 00000004 d defaultDevice
00138c2c 00000040 D devoptab_list
00138c6c 00001000 d _current_working_directory
00139c6c 0000000c d __stdin_handle
00139c78 0000000c d __stdout_handle
00139c84 0000000c d __stderr_handle
00139c90 00000004 d __hndl_lock
00139c94 00001000 d handles
0013ac94 00000001 D __fdlib_version
0013ac98 0000000c d __sfp_lock
0013aca4 0000000c d __sinit_lock
0013acb0 00000440 d impure_data
0013b0f0 00000004 D _impure_ptr
0013b0f4 00000408 D __malloc_av_
0013b4fc 00000004 D __malloc_trim_threshold
0013b500 00000004 D __malloc_sbrk_base
0013b504 0000000c d __malloc_lock_object
0013b510 00000004 D __wctomb
0013b514 00000004 D __ctype_ptr__
0013b518 00000038 d lconv
0013b550 00000020 d lc_ctype_charset
0013b570 00000004 D __mb_cur_max
0013b574 00000004 D __mbtowc
0013b578 t __frame_dummy_init_array_entry
0013b578 T __init_array_start
0013b578 d __JCR_LIST__
0013b578 B __preinit_array_end
0013b578 B __preinit_array_start
0013b578 D __tdata_lma
0013b578 D __tdata_lma_end
0013b578 D __TMC_END__
0013b578 d __TMC_LIST__
0013b57c t __do_global_dtors_aux_fini_array_entry
0013b57c T __fini_array_start
0013b57c T __init_array_end
0013b580 T __bss_start__
0013b580 b completed.6505
0013b580 T __fini_array_end
0013b584 b object.6510
0013b59c 00000004 b srvRefCount
0013b5a0 00000004 b srvHandle
0013b5a4 00000001 b enable3d
0013b5a8 00000004 b screenFree
0013b5ac 00000002 b currentBuffer
0013b5b0 00000001 b gspRunEvents
0013b5b4 00000004 b gspEvent
0013b5b8 00000004 b gspEventData
0013b5bc 0000001c b gspEventCb
0013b5d8 00000007 b gspEventCbOneShot
0013b5e0 0000001c b gspEventCbData
0013b5fc 00000038 b gspEvents
0013b634 0000001c b gspEventCounts
0013b650 00000004 b gspRefCount
0013b654 00000004 b gspEventThread
0013b658 00000004 b aptLockHandle
0013b65c 00000004 b serviceName.6244
0013b660 0000000c b aptFirstHook
0013b66c 00000004 b aptMessageFunc
0013b670 00000004 b aptMessageFuncData
0013b674 0000000c b aptEvents
0013b680 00000001 b aptHomeButtonState
0013b684 00000008 b aptSleepEvent
0013b68c 00001000 b aptParameters
0013c68c 00000004 b aptRefCount
0013c690 00000004 b aptEventHandlerThread
0013c694 00000001 b flagInit.6595
0013c695 00000001 b flagValue.6596
0013c698 00000004 b hidRefCount
0013c69c 00000004 b kOld
0013c6a0 00000004 b kHeld
0013c6a4 00000004 b cPos
0013c6a8 00000004 b tPos
0013c6ac 00000006 b aVec
0013c6b4 00000006 b gRate
0013c6bc 00000004 b kDown
0013c6c0 00000004 b kUp
0013c6c8 00000004 b fsuHandle
0013c6cc 00000004 b fsuRefCount
0013c6d0 00000080 b fsExemptArchives
0013c750 00000004 b __httpc_refcount
0013c754 00000004 b __httpc_sharedmem_size
0013c758 00000004 b __httpc_sharedmem_handle
0013c75c b saved_stack
0013c764 00000008 b sVramPool
0013c76c 0000000c b sAddrMap
0013c778 00000008 b sMappablePool
0013c780 0000000c b sAddrMap
0013c78c 00000008 b sLinearPool
0013c794 0000000c b sAddrMap
0013c7a0 00000004 b arbiter
0013c7a4 00000001 V __ctru_speedup
0013c7a8 00000004 b irrstRefCount
0013c7ac 00000004 b kHeld
0013c7b0 00000004 b csPos
0013c7b4 00000004 b ptmSysmRefCount
0013c7b8 00000004 b ptmSysmHandle
0013c7c0 00000008 b sdmcArchive
0013c7c8 00000001 b sdmcInitialised
0013c7d0 00000004 b heap_start.5704
0013c7d4 00000004 B fake_heap_start
0013c7d8 00000004 B fake_heap_end
0013c7dc 00001000 b temp_cwd
0013d7dc 00000038 B __syscalls
0013d814 00000004 B __malloc_max_total_mem
0013d818 00000004 B __malloc_max_sbrked_mem
0013d81c 00000004 B __malloc_top_pad
0013d820 00000028 B __malloc_current_mallinfo
0013d848 0000004c B currentCopy
0013d894 00000008 B gfxBottomFramebuffers
0013d89c 00000004 B gspSharedMemHandle
0013d8a0 0000001c B bottomFramebufferInfo
0013d8bc 00000004 B gspEvent
0013d8c0 00000008 B gfxTopLeftFramebuffers
0013d8c8 00000008 B gfxTopRightFramebuffers
0013d8d0 0000001c B topFramebufferInfo
0013d8ec 00000001 B gfxThreadID
0013d8f0 00000004 B gfxSharedMemory
0013d8f4 00000004 B gxCmdBuf
0013d8f8 00000004 B gspGpuHandle
0013d8fc 00000004 B hidMemHandle
0013d900 00000004 B hidHandle
0013d904 00000004 B hidSharedMem
0013d908 00000014 B hidEvents
0013d91c 00000004 B __httpc_servhandle
0013d920 00000004 B __httpc_sharedmem_addr
0013d924 00000004 B __system_retAddr
0013d928 00000004 B __ctru_heap_size
0013d92c 00000004 B __ctru_linear_heap
0013d930 00000004 B __ctru_heap
0013d934 00000004 B __ctru_linear_heap_size
0013d938 00000004 B __system_argv
0013d93c 00000004 B __system_argc
0013d940 00000004 B irrstHandle
0013d944 00000004 B irrstEvent
0013d948 00000004 B irrstMemHandle
0013d94c 00000004 B irrstSharedMem
0013d950 B __tls_start
00140d5c B __bss_end__
00140d5c A __end__
00140d5c B __tls_end
